<?xml version="1.0" encoding="UTF-8"?>
<testng-results skipped="0" failed="0" ignored="0" total="3" passed="3">
  <reporter-output>
  </reporter-output>
  <suite name="FREE CRM APPLICATION AUTOMATION TEST" duration-ms="38939" started-at="2018-09-04T05:33:50Z" finished-at="2018-09-04T05:34:29Z">
    <groups>
    </groups>
    <test name="FREE CRM APP TESTCASES" duration-ms="38939" started-at="2018-09-04T05:33:50Z" finished-at="2018-09-04T05:34:29Z">
      <class name="com.crm.qa.testcases.HomePageTest">
        <test-method status="PASS" signature="setUp()[pri:0, instance:com.crm.qa.testcases.HomePageTest@6eebc39e]" name="setUp" is-config="true" duration-ms="15738" started-at="2018-09-04T05:33:50Z" finished-at="2018-09-04T05:34:05Z">
          <reporter-output>
          </reporter-output>
        </test-method> <!-- setUp -->
        <test-method status="PASS" signature="verifyHomePageTitleTest()[pri:1, instance:com.crm.qa.testcases.HomePageTest@6eebc39e]" name="verifyHomePageTitleTest" duration-ms="26" started-at="2018-09-04T05:34:05Z" finished-at="2018-09-04T05:34:05Z">
          <reporter-output>
          </reporter-output>
        </test-method> <!-- verifyHomePageTitleTest -->
        <test-method status="PASS" signature="tearDown()[pri:0, instance:com.crm.qa.testcases.HomePageTest@6eebc39e]" name="tearDown" is-config="true" duration-ms="742" started-at="2018-09-04T05:34:05Z" finished-at="2018-09-04T05:34:06Z">
          <reporter-output>
          </reporter-output>
        </test-method> <!-- tearDown -->
        <test-method status="PASS" signature="setUp()[pri:0, instance:com.crm.qa.testcases.HomePageTest@6eebc39e]" name="setUp" is-config="true" duration-ms="11242" started-at="2018-09-04T05:34:06Z" finished-at="2018-09-04T05:34:17Z">
          <reporter-output>
          </reporter-output>
        </test-method> <!-- setUp -->
        <test-method status="PASS" signature="verifyUserNameTest()[pri:2, instance:com.crm.qa.testcases.HomePageTest@6eebc39e]" name="verifyUserNameTest" duration-ms="14" started-at="2018-09-04T05:34:17Z" finished-at="2018-09-04T05:34:17Z">
          <reporter-output>
          </reporter-output>
        </test-method> <!-- verifyUserNameTest -->
        <test-method status="PASS" signature="tearDown()[pri:0, instance:com.crm.qa.testcases.HomePageTest@6eebc39e]" name="tearDown" is-config="true" duration-ms="935" started-at="2018-09-04T05:34:17Z" finished-at="2018-09-04T05:34:18Z">
          <reporter-output>
          </reporter-output>
        </test-method> <!-- tearDown -->
        <test-method status="PASS" signature="setUp()[pri:0, instance:com.crm.qa.testcases.HomePageTest@6eebc39e]" name="setUp" is-config="true" duration-ms="9360" started-at="2018-09-04T05:34:18Z" finished-at="2018-09-04T05:34:28Z">
          <reporter-output>
          </reporter-output>
        </test-method> <!-- setUp -->
        <test-method status="PASS" signature="verifyContactsLinkTest()[pri:3, instance:com.crm.qa.testcases.HomePageTest@6eebc39e]" name="verifyContactsLinkTest" duration-ms="96" started-at="2018-09-04T05:34:28Z" finished-at="2018-09-04T05:34:28Z">
          <reporter-output>
          </reporter-output>
        </test-method> <!-- verifyContactsLinkTest -->
        <test-method status="PASS" signature="tearDown()[pri:0, instance:com.crm.qa.testcases.HomePageTest@6eebc39e]" name="tearDown" is-config="true" duration-ms="754" started-at="2018-09-04T05:34:28Z" finished-at="2018-09-04T05:34:29Z">
          <reporter-output>
          </reporter-output>
        </test-method> <!-- tearDown -->
      </class> <!-- com.crm.qa.testcases.HomePageTest -->
    </test> <!-- FREE CRM APP TESTCASES -->
  </suite> <!-- FREE CRM APPLICATION AUTOMATION TEST -->
</testng-results>
