<?xml version="1.0" encoding="UTF-8"?>
<!-- Generated by org.testng.reporters.JUnitXMLReporter -->
<testsuite hostname="SIDHU" ignored="0" name="FREE CRM APP TESTCASES" tests="3" failures="0" timestamp="04 Sep 2018 05:34:29 GMT" time="38.939" errors="0">
  <testcase name="verifyHomePageTitleTest" time="0.026" classname="com.crm.qa.testcases.HomePageTest"/>
  <testcase name="verifyUserNameTest" time="0.014" classname="com.crm.qa.testcases.HomePageTest"/>
  <testcase name="verifyContactsLinkTest" time="0.096" classname="com.crm.qa.testcases.HomePageTest"/>
</testsuite> <!-- FREE CRM APP TESTCASES -->
